<?xml version="1.0" encoding="UTF-8"?>
<!-- Generated by org.testng.reporters.JUnitReportReporter -->
<testsuite hostname="Meo" failures="0" tests="1" name="feature.Day06.LoginTest" time="1.105" errors="0" timestamp="2025-06-16T22:21:21 ICT" skipped="0">
  <testcase classname="feature.Day06.LoginTest" name="testLoginSuccess" time="1.105"/>
</testsuite> <!-- feature.Day06.LoginTest -->
