<?xml version="1.0" encoding="UTF-8"?>
<!-- Generated by org.testng.reporters.JUnitReportReporter -->
<testsuite hostname="Meo" failures="0" tests="5" name="feature.Day06.LoginMultiCaseV2Test" time="14.635" errors="0" timestamp="2025-06-16T22:21:21 ICT" skipped="0">
  <testcase classname="feature.Day06.LoginMultiCaseV2Test" name="testLoginFunctionality" time="2.853"/>
  <testcase classname="feature.Day06.LoginMultiCaseV2Test" name="testLoginFunctionality" time="2.482"/>
  <testcase classname="feature.Day06.LoginMultiCaseV2Test" name="testLoginFunctionality" time="3.321"/>
  <testcase classname="feature.Day06.LoginMultiCaseV2Test" name="testLoginFunctionality" time="2.584"/>
  <testcase classname="feature.Day06.LoginMultiCaseV2Test" name="testLoginFunctionality" time="3.395"/>
</testsuite> <!-- feature.Day06.LoginMultiCaseV2Test -->
