<?xml version="1.0" encoding="UTF-8"?>
<!-- Generated by org.testng.reporters.JUnitReportReporter -->
<testsuite hostname="Meo" failures="0" tests="4" name="feature.Day06.LoginMultiCaseTest" time="2.314" errors="0" timestamp="2025-06-16T22:21:21 ICT" skipped="0">
  <testcase classname="feature.Day06.LoginMultiCaseTest" name="testLoginWithInvalidUsername" time="0.209"/>
  <testcase classname="feature.Day06.LoginMultiCaseTest" name="testLoginWithEmptyUsername" time="1.563"/>
  <testcase classname="feature.Day06.LoginMultiCaseTest" name="testLoginWithInvalidPassword" time="0.258"/>
  <testcase classname="feature.Day06.LoginMultiCaseTest" name="testLoginWithValidCredentials" time="0.284"/>
</testsuite> <!-- feature.Day06.LoginMultiCaseTest -->
